<?xml version="1.0" encoding="UTF-8"?>
<!-- Generated by org.testng.reporters.JUnitXMLReporter -->
<testsuite hostname="Tamanna" ignored="0" name="Surefire test" tests="5" failures="0" timestamp="21 Sep 2019 00:53:20 GMT" time="77.126" errors="0">
  <testcase name="NavBar" time="6.573" classname="home.TestHomePage"/>
  <testcase name="navigate" time="9.208" classname="home.TestHomePage"/>
  <testcase name="TestLogin" time="7.551" classname="home.TestLogInPage"/>
  <testcase name="TestLogin" time="6.703" classname="home.TestLogInPage"/>
  <testcase name="getText" time="5.047" classname="home.TestLogInPage"/>
</testsuite> <!-- Surefire test -->
